<?xml version="1.0" encoding="UTF-8"?>
<!-- Generated by org.testng.reporters.JUnitReportReporter -->
<testsuite hostname="DESKTOP-385R5N6" failures="0" tests="2" name="qaclickacademy.AppiumTest" time="0.014" errors="0" timestamp="2021-06-02T23:06:00 PST" skipped="0">
  <testcase classname="qaclickacademy.AppiumTest" name="NativeAppAndriod" time="0.000"/>
  <system-out/>
  <testcase classname="qaclickacademy.AppiumTest" name="IOSApps" time="0.014"/>
  <system-out/>
</testsuite> <!-- qaclickacademy.AppiumTest -->
